<?xml version="1.0" encoding="UTF-8"?>
<testng-results skipped="0" failed="0" total="1" passed="1">
  <reporter-output>
  </reporter-output>
  <suite name="Default suite" duration-ms="29492" started-at="2019-05-23T17:46:06Z" finished-at="2019-05-23T17:46:35Z">
    <groups>
    </groups>
    <test name="Default test" duration-ms="29492" started-at="2019-05-23T17:46:06Z" finished-at="2019-05-23T17:46:35Z">
      <class name="demo.page.project.TC04_SignOn_correctCred_FlightBooking">
        <test-method status="PASS" signature="LoginDemoPage()[pri:0, instance:demo.page.project.TC04_SignOn_correctCred_FlightBooking@5034c75a]" name="LoginDemoPage" duration-ms="29464" started-at="2019-05-23T19:46:06Z" finished-at="2019-05-23T19:46:35Z">
          <reporter-output>
          </reporter-output>
        </test-method> <!-- LoginDemoPage -->
      </class> <!-- demo.page.project.TC04_SignOn_correctCred_FlightBooking -->
    </test> <!-- Default test -->
  </suite> <!-- Default suite -->
</testng-results>
